#
# There is insufficient memory for the Java Runtime Environment to continue.
# Native memory allocation (malloc) failed to allocate 866576 bytes for Chunk::new
# Possible reasons:
#   The system is out of physical RAM or swap space
#   The process is running with CompressedOops enabled, and the Java Heap may be blocking the growth of the native heap
# Possible solutions:
#   Reduce memory load on the system
#   Increase physical memory or swap space
#   Check if swap backing store is full
#   Decrease Java heap size (-Xmx/-Xms)
#   Decrease number of Java threads
#   Decrease Java thread stack sizes (-Xss)
#   Set larger code cache with -XX:ReservedCodeCacheSize=
#   JVM is running with Unscaled Compressed Oops mode in which the Java heap is
#     placed in the first 4GB address space. The Java Heap base address is the
#     maximum limit for the native heap growth. Please use -XX:HeapBaseMinAddress
#     to set the Java Heap base and to place the Java Heap above 4GB virtual address.
# This output file may be truncated or incomplete.
#
#  Out of Memory Error (arena.cpp:189), pid=9816, tid=3212
#
# JRE version: OpenJDK Runtime Environment Corretto-17.0.7.7.1 (17.0.7+7) (build 17.0.7+7-LTS)
# Java VM: OpenJDK 64-Bit Server VM Corretto-17.0.7.7.1 (17.0.7+7-LTS, mixed mode, sharing, tiered, compressed oops, compressed class ptrs, g1 gc, windows-amd64)
# No core dump will be written. Minidumps are not enabled by default on client versions of Windows
#

---------------  S U M M A R Y ------------

Command Line: -javaagent:D:\intelliJ\IntelliJ IDEA Community Edition 2023.1.3\lib\idea_rt.jar=52321:D:\intelliJ\IntelliJ IDEA Community Edition 2023.1.3\bin -Dfile.encoding=UTF-8 com.example.dictionary.DictionaryApplication

Host: Intel(R) Core(TM) i5-9300H CPU @ 2.40GHz, 8 cores, 7G,  Windows 11 , 64 bit Build 22621 (10.0.22621.1928)
Time: Sun Aug  6 16:51:59 2023 Altai Standard Time elapsed time: 2.096276 seconds (0d 0h 0m 2s)

---------------  T H R E A D  ---------------

Current thread (0x000002ac3fab3780):  JavaThread "C2 CompilerThread2" daemon [_thread_in_native, id=3212, stack(0x000000ce7ea00000,0x000000ce7eb00000)]


Current CompileTask:
C2:   2096 2905       4       org.springframework.core.ResolvableType::forType (115 bytes)

Stack: [0x000000ce7ea00000,0x000000ce7eb00000]
Native frames: (J=compiled Java code, j=interpreted, Vv=VM code, C=native code)
V  [jvm.dll+0x64b53a]
V  [jvm.dll+0x7fef54]
V  [jvm.dll+0x80070e]
V  [jvm.dll+0x800d63]
V  [jvm.dll+0x236a2b]
V  [jvm.dll+0xbd47c]
V  [jvm.dll+0xbda5c]
V  [jvm.dll+0x29ded2]
V  [jvm.dll+0x559df8]
V  [jvm.dll+0x21315b]
V  [jvm.dll+0x20c49f]
V  [jvm.dll+0x20a172]
V  [jvm.dll+0x19a2ed]
V  [jvm.dll+0x21967d]
V  [jvm.dll+0x2178c4]
V  [jvm.dll+0x7b7dcb]
V  [jvm.dll+0x7b237a]
V  [jvm.dll+0x64a3a5]
C  [ucrtbase.dll+0x29363]
C  [KERNEL32.DLL+0x126ad]
C  [ntdll.dll+0x5aa68]


---------------  P R O C E S S  ---------------

Threads class SMR info:
_java_thread_list=0x000002ac40519e70, length=15, elements={
0x000002ac1bfccb50, 0x000002ac3a2d4520, 0x000002ac3a2d70e0, 0x000002ac3a2e7c50,
0x000002ac3a2e8800, 0x000002ac3a2eb2c0, 0x000002ac3a2ebc70, 0x000002ac3a2ffb70,
0x000002ac3a300610, 0x000002ac3a3126e0, 0x000002ac3a4f5a40, 0x000002ac3a5900c0,
0x000002ac3a7fd2c0, 0x000002ac3a7fd790, 0x000002ac3fab3780
}

Java Threads: ( => current thread )
  0x000002ac1bfccb50 JavaThread "main" [_thread_in_native, id=10408, stack(0x000000ce7d500000,0x000000ce7d600000)]
  0x000002ac3a2d4520 JavaThread "Reference Handler" daemon [_thread_blocked, id=17340, stack(0x000000ce7dc00000,0x000000ce7dd00000)]
  0x000002ac3a2d70e0 JavaThread "Finalizer" daemon [_thread_blocked, id=13468, stack(0x000000ce7dd00000,0x000000ce7de00000)]
  0x000002ac3a2e7c50 JavaThread "Signal Dispatcher" daemon [_thread_blocked, id=3036, stack(0x000000ce7de00000,0x000000ce7df00000)]
  0x000002ac3a2e8800 JavaThread "Attach Listener" daemon [_thread_blocked, id=17460, stack(0x000000ce7df00000,0x000000ce7e000000)]
  0x000002ac3a2eb2c0 JavaThread "Service Thread" daemon [_thread_blocked, id=18176, stack(0x000000ce7e000000,0x000000ce7e100000)]
  0x000002ac3a2ebc70 JavaThread "Monitor Deflation Thread" daemon [_thread_blocked, id=8708, stack(0x000000ce7e100000,0x000000ce7e200000)]
  0x000002ac3a2ffb70 JavaThread "C2 CompilerThread0" daemon [_thread_in_native, id=9312, stack(0x000000ce7e200000,0x000000ce7e300000)]
  0x000002ac3a300610 JavaThread "C1 CompilerThread0" daemon [_thread_in_native, id=1928, stack(0x000000ce7e300000,0x000000ce7e400000)]
  0x000002ac3a3126e0 JavaThread "Sweeper thread" daemon [_thread_blocked, id=3956, stack(0x000000ce7e400000,0x000000ce7e500000)]
  0x000002ac3a4f5a40 JavaThread "Common-Cleaner" daemon [_thread_blocked, id=1784, stack(0x000000ce7e500000,0x000000ce7e600000)]
  0x000002ac3a5900c0 JavaThread "C2 CompilerThread1" daemon [_thread_in_native, id=3688, stack(0x000000ce7e600000,0x000000ce7e700000)]
  0x000002ac3a7fd2c0 JavaThread "Monitor Ctrl-Break" daemon [_thread_in_native, id=7492, stack(0x000000ce7e700000,0x000000ce7e800000)]
  0x000002ac3a7fd790 JavaThread "Notification Thread" daemon [_thread_blocked, id=5600, stack(0x000000ce7e800000,0x000000ce7e900000)]
=>0x000002ac3fab3780 JavaThread "C2 CompilerThread2" daemon [_thread_in_native, id=3212, stack(0x000000ce7ea00000,0x000000ce7eb00000)]

Other Threads:
  0x000002ac3a2cea70 VMThread "VM Thread" [stack: 0x000000ce7db00000,0x000000ce7dc00000] [id=12636]
  0x000002ac1c04f420 WatcherThread [stack: 0x000000ce7e900000,0x000000ce7ea00000] [id=2224]
  0x000002ac1c028bf0 GCTaskThread "GC Thread#0" [stack: 0x000000ce7d600000,0x000000ce7d700000] [id=15576]
  0x000002ac3f84fbc0 GCTaskThread "GC Thread#1" [stack: 0x000000ce7eb00000,0x000000ce7ec00000] [id=15612]
  0x000002ac3f4a89b0 GCTaskThread "GC Thread#2" [stack: 0x000000ce7ec00000,0x000000ce7ed00000] [id=4848]
  0x000002ac3f643b80 GCTaskThread "GC Thread#3" [stack: 0x000000ce7ed00000,0x000000ce7ee00000] [id=648]
  0x000002ac3f7fb210 GCTaskThread "GC Thread#4" [stack: 0x000000ce7ee00000,0x000000ce7ef00000] [id=2044]
  0x000002ac3f7fb4c0 GCTaskThread "GC Thread#5" [stack: 0x000000ce7ef00000,0x000000ce7f000000] [id=15820]
  0x000002ac3fbe11c0 GCTaskThread "GC Thread#6" [stack: 0x000000ce7f100000,0x000000ce7f200000] [id=3728]
  0x000002ac400aa5c0 GCTaskThread "GC Thread#7" [stack: 0x000000ce7f200000,0x000000ce7f300000] [id=12456]
  0x000002ac1c039810 ConcurrentGCThread "G1 Main Marker" [stack: 0x000000ce7d700000,0x000000ce7d800000] [id=3700]
  0x000002ac1c03aa70 ConcurrentGCThread "G1 Conc#0" [stack: 0x000000ce7d800000,0x000000ce7d900000] [id=13580]
  0x000002ac3a1864e0 ConcurrentGCThread "G1 Refine#0" [stack: 0x000000ce7d900000,0x000000ce7da00000] [id=2740]
  0x000002ac3a187bc0 ConcurrentGCThread "G1 Service" [stack: 0x000000ce7da00000,0x000000ce7db00000] [id=14096]

Threads with active compile tasks:
C2 CompilerThread0     2125 2782       4       java.lang.invoke.MethodType::makeImpl (109 bytes)
C2 CompilerThread1     2125 2918       4       java.lang.StringLatin1::toUpperCase (186 bytes)
C2 CompilerThread2     2125 2905       4       org.springframework.core.ResolvableType::forType (115 bytes)

VM state: not at safepoint (normal execution)

VM Mutex/Monitor currently owned by a thread: None

Heap address: 0x0000000082400000, size: 2012 MB, Compressed Oops mode: 32-bit

CDS archive(s) mapped at: [0x0000000800000000-0x0000000800bc0000-0x0000000800bc0000), size 12320768, SharedBaseAddress: 0x0000000800000000, ArchiveRelocationMode: 0.
Compressed class space mapped at: 0x0000000801000000-0x0000000841000000, reserved size: 1073741824
Narrow klass base: 0x0000000800000000, Narrow klass shift: 0, Narrow klass range: 0x100000000

GC Precious Log:
 CPUs: 8 total, 8 available
 Memory: 8044M
 Large Page Support: Disabled
 NUMA Support: Disabled
 Compressed Oops: Enabled (32-bit)
 Heap Region Size: 1M
 Heap Min Capacity: 8M
 Heap Initial Capacity: 126M
 Heap Max Capacity: 2012M
 Pre-touch: Disabled
 Parallel Workers: 8
 Concurrent Workers: 2
 Concurrent Refinement Workers: 8
 Periodic GC: Disabled

Heap:
 garbage-first heap   total 129024K, used 55663K [0x0000000082400000, 0x0000000100000000)
  region size 1024K, 49 young (50176K), 3 survivors (3072K)
 Metaspace       used 20787K, committed 21120K, reserved 1114112K
  class space    used 2591K, committed 2752K, reserved 1048576K

Heap Regions: E=young(eden), S=young(survivor), O=old, HS=humongous(starts), HC=humongous(continues), CS=collection set, F=free, OA=open archive, CA=closed archive, TAMS=top-at-mark-start (previous, next)
|   0|0x0000000082400000, 0x0000000082500000, 0x0000000082500000|100%|HS|  |TAMS 0x0000000082400000, 0x0000000082400000| Complete 
|   1|0x0000000082500000, 0x0000000082600000, 0x0000000082600000|100%| O|  |TAMS 0x0000000082500000, 0x0000000082500000| Untracked 
|   2|0x0000000082600000, 0x0000000082700000, 0x0000000082700000|100%| O|  |TAMS 0x0000000082600000, 0x0000000082600000| Untracked 
|   3|0x0000000082700000, 0x0000000082800000, 0x0000000082800000|100%| O|  |TAMS 0x0000000082700000, 0x0000000082700000| Untracked 
|   4|0x0000000082800000, 0x0000000082900000, 0x0000000082900000|100%| O|  |TAMS 0x0000000082800000, 0x0000000082800000| Untracked 
|   5|0x0000000082900000, 0x0000000082a00000, 0x0000000082a00000|100%| O|  |TAMS 0x0000000082900000, 0x0000000082900000| Untracked 
|   6|0x0000000082a00000, 0x0000000082ade400, 0x0000000082b00000| 86%| O|  |TAMS 0x0000000082a00000, 0x0000000082a00000| Untracked 
|   7|0x0000000082b00000, 0x0000000082b00000, 0x0000000082c00000|  0%| F|  |TAMS 0x0000000082b00000, 0x0000000082b00000| Untracked 
|   8|0x0000000082c00000, 0x0000000082c00000, 0x0000000082d00000|  0%| F|  |TAMS 0x0000000082c00000, 0x0000000082c00000| Untracked 
|   9|0x0000000082d00000, 0x0000000082d00000, 0x0000000082e00000|  0%| F|  |TAMS 0x0000000082d00000, 0x0000000082d00000| Untracked 
|  10|0x0000000082e00000, 0x0000000082e00000, 0x0000000082f00000|  0%| F|  |TAMS 0x0000000082e00000, 0x0000000082e00000| Untracked 
|  11|0x0000000082f00000, 0x0000000082f00000, 0x0000000083000000|  0%| F|  |TAMS 0x0000000082f00000, 0x0000000082f00000| Untracked 
|  12|0x0000000083000000, 0x0000000083000000, 0x0000000083100000|  0%| F|  |TAMS 0x0000000083000000, 0x0000000083000000| Untracked 
|  13|0x0000000083100000, 0x0000000083100000, 0x0000000083200000|  0%| F|  |TAMS 0x0000000083100000, 0x0000000083100000| Untracked 
|  14|0x0000000083200000, 0x0000000083200000, 0x0000000083300000|  0%| F|  |TAMS 0x0000000083200000, 0x0000000083200000| Untracked 
|  15|0x0000000083300000, 0x0000000083300000, 0x0000000083400000|  0%| F|  |TAMS 0x0000000083300000, 0x0000000083300000| Untracked 
|  16|0x0000000083400000, 0x0000000083400000, 0x0000000083500000|  0%| F|  |TAMS 0x0000000083400000, 0x0000000083400000| Untracked 
|  17|0x0000000083500000, 0x0000000083500000, 0x0000000083600000|  0%| F|  |TAMS 0x0000000083500000, 0x0000000083500000| Untracked 
|  18|0x0000000083600000, 0x0000000083600000, 0x0000000083700000|  0%| F|  |TAMS 0x0000000083600000, 0x0000000083600000| Untracked 
|  19|0x0000000083700000, 0x0000000083700000, 0x0000000083800000|  0%| F|  |TAMS 0x0000000083700000, 0x0000000083700000| Untracked 
|  20|0x0000000083800000, 0x0000000083800000, 0x0000000083900000|  0%| F|  |TAMS 0x0000000083800000, 0x0000000083800000| Untracked 
|  21|0x0000000083900000, 0x0000000083900000, 0x0000000083a00000|  0%| F|  |TAMS 0x0000000083900000, 0x0000000083900000| Untracked 
|  22|0x0000000083a00000, 0x0000000083a00000, 0x0000000083b00000|  0%| F|  |TAMS 0x0000000083a00000, 0x0000000083a00000| Untracked 
|  23|0x0000000083b00000, 0x0000000083b00000, 0x0000000083c00000|  0%| F|  |TAMS 0x0000000083b00000, 0x0000000083b00000| Untracked 
|  24|0x0000000083c00000, 0x0000000083c00000, 0x0000000083d00000|  0%| F|  |TAMS 0x0000000083c00000, 0x0000000083c00000| Untracked 
|  25|0x0000000083d00000, 0x0000000083d00000, 0x0000000083e00000|  0%| F|  |TAMS 0x0000000083d00000, 0x0000000083d00000| Untracked 
|  26|0x0000000083e00000, 0x0000000083e00000, 0x0000000083f00000|  0%| F|  |TAMS 0x0000000083e00000, 0x0000000083e00000| Untracked 
|  27|0x0000000083f00000, 0x0000000083f00000, 0x0000000084000000|  0%| F|  |TAMS 0x0000000083f00000, 0x0000000083f00000| Untracked 
|  28|0x0000000084000000, 0x0000000084000000, 0x0000000084100000|  0%| F|  |TAMS 0x0000000084000000, 0x0000000084000000| Untracked 
|  29|0x0000000084100000, 0x0000000084100000, 0x0000000084200000|  0%| F|  |TAMS 0x0000000084100000, 0x0000000084100000| Untracked 
|  30|0x0000000084200000, 0x0000000084200000, 0x0000000084300000|  0%| F|  |TAMS 0x0000000084200000, 0x0000000084200000| Untracked 
|  31|0x0000000084300000, 0x0000000084300000, 0x0000000084400000|  0%| F|  |TAMS 0x0000000084300000, 0x0000000084300000| Untracked 
|  32|0x0000000084400000, 0x0000000084400000, 0x0000000084500000|  0%| F|  |TAMS 0x0000000084400000, 0x0000000084400000| Untracked 
|  33|0x0000000084500000, 0x0000000084500000, 0x0000000084600000|  0%| F|  |TAMS 0x0000000084500000, 0x0000000084500000| Untracked 
|  34|0x0000000084600000, 0x0000000084600000, 0x0000000084700000|  0%| F|  |TAMS 0x0000000084600000, 0x0000000084600000| Untracked 
|  35|0x0000000084700000, 0x0000000084700000, 0x0000000084800000|  0%| F|  |TAMS 0x0000000084700000, 0x0000000084700000| Untracked 
|  36|0x0000000084800000, 0x0000000084800000, 0x0000000084900000|  0%| F|  |TAMS 0x0000000084800000, 0x0000000084800000| Untracked 
|  37|0x0000000084900000, 0x0000000084900000, 0x0000000084a00000|  0%| F|  |TAMS 0x0000000084900000, 0x0000000084900000| Untracked 
|  38|0x0000000084a00000, 0x0000000084a00000, 0x0000000084b00000|  0%| F|  |TAMS 0x0000000084a00000, 0x0000000084a00000| Untracked 
|  39|0x0000000084b00000, 0x0000000084b00000, 0x0000000084c00000|  0%| F|  |TAMS 0x0000000084b00000, 0x0000000084b00000| Untracked 
|  40|0x0000000084c00000, 0x0000000084c00000, 0x0000000084d00000|  0%| F|  |TAMS 0x0000000084c00000, 0x0000000084c00000| Untracked 
|  41|0x0000000084d00000, 0x0000000084d00000, 0x0000000084e00000|  0%| F|  |TAMS 0x0000000084d00000, 0x0000000084d00000| Untracked 
|  42|0x0000000084e00000, 0x0000000084e00000, 0x0000000084f00000|  0%| F|  |TAMS 0x0000000084e00000, 0x0000000084e00000| Untracked 
|  43|0x0000000084f00000, 0x0000000084f00000, 0x0000000085000000|  0%| F|  |TAMS 0x0000000084f00000, 0x0000000084f00000| Untracked 
|  44|0x0000000085000000, 0x0000000085000000, 0x0000000085100000|  0%| F|  |TAMS 0x0000000085000000, 0x0000000085000000| Untracked 
|  45|0x0000000085100000, 0x0000000085100000, 0x0000000085200000|  0%| F|  |TAMS 0x0000000085100000, 0x0000000085100000| Untracked 
|  46|0x0000000085200000, 0x0000000085200000, 0x0000000085300000|  0%| F|  |TAMS 0x0000000085200000, 0x0000000085200000| Untracked 
|  47|0x0000000085300000, 0x0000000085300000, 0x0000000085400000|  0%| F|  |TAMS 0x0000000085300000, 0x0000000085300000| Untracked 
|  48|0x0000000085400000, 0x0000000085400000, 0x0000000085500000|  0%| F|  |TAMS 0x0000000085400000, 0x0000000085400000| Untracked 
|  49|0x0000000085500000, 0x0000000085500000, 0x0000000085600000|  0%| F|  |TAMS 0x0000000085500000, 0x0000000085500000| Untracked 
|  50|0x0000000085600000, 0x0000000085600000, 0x0000000085700000|  0%| F|  |TAMS 0x0000000085600000, 0x0000000085600000| Untracked 
|  51|0x0000000085700000, 0x0000000085700000, 0x0000000085800000|  0%| F|  |TAMS 0x0000000085700000, 0x0000000085700000| Untracked 
|  52|0x0000000085800000, 0x0000000085800000, 0x0000000085900000|  0%| F|  |TAMS 0x0000000085800000, 0x0000000085800000| Untracked 
|  53|0x0000000085900000, 0x0000000085900000, 0x0000000085a00000|  0%| F|  |TAMS 0x0000000085900000, 0x0000000085900000| Untracked 
|  54|0x0000000085a00000, 0x0000000085a00000, 0x0000000085b00000|  0%| F|  |TAMS 0x0000000085a00000, 0x0000000085a00000| Untracked 
|  55|0x0000000085b00000, 0x0000000085b00000, 0x0000000085c00000|  0%| F|  |TAMS 0x0000000085b00000, 0x0000000085b00000| Untracked 
|  56|0x0000000085c00000, 0x0000000085c00000, 0x0000000085d00000|  0%| F|  |TAMS 0x0000000085c00000, 0x0000000085c00000| Untracked 
|  57|0x0000000085d00000, 0x0000000085d00000, 0x0000000085e00000|  0%| F|  |TAMS 0x0000000085d00000, 0x0000000085d00000| Untracked 
|  58|0x0000000085e00000, 0x0000000085e00000, 0x0000000085f00000|  0%| F|  |TAMS 0x0000000085e00000, 0x0000000085e00000| Untracked 
|  59|0x0000000085f00000, 0x0000000085f00000, 0x0000000086000000|  0%| F|  |TAMS 0x0000000085f00000, 0x0000000085f00000| Untracked 
|  60|0x0000000086000000, 0x0000000086000000, 0x0000000086100000|  0%| F|  |TAMS 0x0000000086000000, 0x0000000086000000| Untracked 
|  61|0x0000000086100000, 0x0000000086100000, 0x0000000086200000|  0%| F|  |TAMS 0x0000000086100000, 0x0000000086100000| Untracked 
|  62|0x0000000086200000, 0x0000000086200000, 0x0000000086300000|  0%| F|  |TAMS 0x0000000086200000, 0x0000000086200000| Untracked 
|  63|0x0000000086300000, 0x0000000086300000, 0x0000000086400000|  0%| F|  |TAMS 0x0000000086300000, 0x0000000086300000| Untracked 
|  64|0x0000000086400000, 0x0000000086400000, 0x0000000086500000|  0%| F|  |TAMS 0x0000000086400000, 0x0000000086400000| Untracked 
|  65|0x0000000086500000, 0x0000000086500000, 0x0000000086600000|  0%| F|  |TAMS 0x0000000086500000, 0x0000000086500000| Untracked 
|  66|0x0000000086600000, 0x0000000086600000, 0x0000000086700000|  0%| F|  |TAMS 0x0000000086600000, 0x0000000086600000| Untracked 
|  67|0x0000000086700000, 0x0000000086700000, 0x0000000086800000|  0%| F|  |TAMS 0x0000000086700000, 0x0000000086700000| Untracked 
|  68|0x0000000086800000, 0x0000000086800000, 0x0000000086900000|  0%| F|  |TAMS 0x0000000086800000, 0x0000000086800000| Untracked 
|  69|0x0000000086900000, 0x0000000086900000, 0x0000000086a00000|  0%| F|  |TAMS 0x0000000086900000, 0x0000000086900000| Untracked 
|  70|0x0000000086a00000, 0x0000000086a00000, 0x0000000086b00000|  0%| F|  |TAMS 0x0000000086a00000, 0x0000000086a00000| Untracked 
|  71|0x0000000086b00000, 0x0000000086b00000, 0x0000000086c00000|  0%| F|  |TAMS 0x0000000086b00000, 0x0000000086b00000| Untracked 
|  72|0x0000000086c00000, 0x0000000086c00000, 0x0000000086d00000|  0%| F|  |TAMS 0x0000000086c00000, 0x0000000086c00000| Untracked 
|  73|0x0000000086d00000, 0x0000000086d00000, 0x0000000086e00000|  0%| F|  |TAMS 0x0000000086d00000, 0x0000000086d00000| Untracked 
|  74|0x0000000086e00000, 0x0000000086e00000, 0x0000000086f00000|  0%| F|  |TAMS 0x0000000086e00000, 0x0000000086e00000| Untracked 
|  75|0x0000000086f00000, 0x0000000086f00000, 0x0000000087000000|  0%| F|  |TAMS 0x0000000086f00000, 0x0000000086f00000| Untracked 
|  76|0x0000000087000000, 0x0000000087000000, 0x0000000087100000|  0%| F|  |TAMS 0x0000000087000000, 0x0000000087000000| Untracked 
|  77|0x0000000087100000, 0x0000000087184bd0, 0x0000000087200000| 51%| E|  |TAMS 0x0000000087100000, 0x0000000087100000| Complete 
|  78|0x0000000087200000, 0x0000000087300000, 0x0000000087300000|100%| E|CS|TAMS 0x0000000087200000, 0x0000000087200000| Complete 
|  79|0x0000000087300000, 0x0000000087400000, 0x0000000087400000|100%| E|CS|TAMS 0x0000000087300000, 0x0000000087300000| Complete 
|  80|0x0000000087400000, 0x0000000087500000, 0x0000000087500000|100%| E|CS|TAMS 0x0000000087400000, 0x0000000087400000| Complete 
|  81|0x0000000087500000, 0x0000000087600000, 0x0000000087600000|100%| E|CS|TAMS 0x0000000087500000, 0x0000000087500000| Complete 
|  82|0x0000000087600000, 0x0000000087700000, 0x0000000087700000|100%| E|CS|TAMS 0x0000000087600000, 0x0000000087600000| Complete 
|  83|0x0000000087700000, 0x0000000087800000, 0x0000000087800000|100%| E|CS|TAMS 0x0000000087700000, 0x0000000087700000| Complete 
|  84|0x0000000087800000, 0x0000000087900000, 0x0000000087900000|100%| E|CS|TAMS 0x0000000087800000, 0x0000000087800000| Complete 
|  85|0x0000000087900000, 0x0000000087a00000, 0x0000000087a00000|100%| E|CS|TAMS 0x0000000087900000, 0x0000000087900000| Complete 
|  86|0x0000000087a00000, 0x0000000087b00000, 0x0000000087b00000|100%| E|CS|TAMS 0x0000000087a00000, 0x0000000087a00000| Complete 
|  87|0x0000000087b00000, 0x0000000087c00000, 0x0000000087c00000|100%| E|CS|TAMS 0x0000000087b00000, 0x0000000087b00000| Complete 
|  88|0x0000000087c00000, 0x0000000087d00000, 0x0000000087d00000|100%| E|CS|TAMS 0x0000000087c00000, 0x0000000087c00000| Complete 
|  89|0x0000000087d00000, 0x0000000087e00000, 0x0000000087e00000|100%| E|CS|TAMS 0x0000000087d00000, 0x0000000087d00000| Complete 
|  90|0x0000000087e00000, 0x0000000087f00000, 0x0000000087f00000|100%| E|CS|TAMS 0x0000000087e00000, 0x0000000087e00000| Complete 
|  91|0x0000000087f00000, 0x0000000088000000, 0x0000000088000000|100%| E|CS|TAMS 0x0000000087f00000, 0x0000000087f00000| Complete 
|  92|0x0000000088000000, 0x000000008807db50, 0x0000000088100000| 49%| S|CS|TAMS 0x0000000088000000, 0x0000000088000000| Complete 
|  93|0x0000000088100000, 0x0000000088200000, 0x0000000088200000|100%| S|CS|TAMS 0x0000000088100000, 0x0000000088100000| Complete 
|  94|0x0000000088200000, 0x0000000088300000, 0x0000000088300000|100%| S|CS|TAMS 0x0000000088200000, 0x0000000088200000| Complete 
|  95|0x0000000088300000, 0x0000000088400000, 0x0000000088400000|100%| E|CS|TAMS 0x0000000088300000, 0x0000000088300000| Complete 
|  96|0x0000000088400000, 0x0000000088500000, 0x0000000088500000|100%| E|CS|TAMS 0x0000000088400000, 0x0000000088400000| Complete 
|  97|0x0000000088500000, 0x0000000088600000, 0x0000000088600000|100%| E|CS|TAMS 0x0000000088500000, 0x0000000088500000| Complete 
|  98|0x0000000088600000, 0x0000000088700000, 0x0000000088700000|100%| E|CS|TAMS 0x0000000088600000, 0x0000000088600000| Complete 
|  99|0x0000000088700000, 0x0000000088800000, 0x0000000088800000|100%| E|CS|TAMS 0x0000000088700000, 0x0000000088700000| Complete 
| 100|0x0000000088800000, 0x0000000088900000, 0x0000000088900000|100%| E|CS|TAMS 0x0000000088800000, 0x0000000088800000| Complete 
| 101|0x0000000088900000, 0x0000000088a00000, 0x0000000088a00000|100%| E|CS|TAMS 0x0000000088900000, 0x0000000088900000| Complete 
| 102|0x0000000088a00000, 0x0000000088b00000, 0x0000000088b00000|100%| E|CS|TAMS 0x0000000088a00000, 0x0000000088a00000| Complete 
| 103|0x0000000088b00000, 0x0000000088c00000, 0x0000000088c00000|100%| E|CS|TAMS 0x0000000088b00000, 0x0000000088b00000| Complete 
| 104|0x0000000088c00000, 0x0000000088d00000, 0x0000000088d00000|100%| E|CS|TAMS 0x0000000088c00000, 0x0000000088c00000| Complete 
| 105|0x0000000088d00000, 0x0000000088e00000, 0x0000000088e00000|100%| E|CS|TAMS 0x0000000088d00000, 0x0000000088d00000| Complete 
| 106|0x0000000088e00000, 0x0000000088f00000, 0x0000000088f00000|100%| E|CS|TAMS 0x0000000088e00000, 0x0000000088e00000| Complete 
| 107|0x0000000088f00000, 0x0000000089000000, 0x0000000089000000|100%| E|CS|TAMS 0x0000000088f00000, 0x0000000088f00000| Complete 
| 108|0x0000000089000000, 0x0000000089100000, 0x0000000089100000|100%| E|CS|TAMS 0x0000000089000000, 0x0000000089000000| Complete 
| 109|0x0000000089100000, 0x0000000089200000, 0x0000000089200000|100%| E|CS|TAMS 0x0000000089100000, 0x0000000089100000| Complete 
| 110|0x0000000089200000, 0x0000000089300000, 0x0000000089300000|100%| E|CS|TAMS 0x0000000089200000, 0x0000000089200000| Complete 
| 111|0x0000000089300000, 0x0000000089400000, 0x0000000089400000|100%| E|CS|TAMS 0x0000000089300000, 0x0000000089300000| Complete 
| 112|0x0000000089400000, 0x0000000089500000, 0x0000000089500000|100%| E|CS|TAMS 0x0000000089400000, 0x0000000089400000| Complete 
| 113|0x0000000089500000, 0x0000000089600000, 0x0000000089600000|100%| E|CS|TAMS 0x0000000089500000, 0x0000000089500000| Complete 
| 114|0x0000000089600000, 0x0000000089700000, 0x0000000089700000|100%| E|CS|TAMS 0x0000000089600000, 0x0000000089600000| Complete 
| 115|0x0000000089700000, 0x0000000089800000, 0x0000000089800000|100%| E|CS|TAMS 0x0000000089700000, 0x0000000089700000| Complete 
| 116|0x0000000089800000, 0x0000000089900000, 0x0000000089900000|100%| E|CS|TAMS 0x0000000089800000, 0x0000000089800000| Complete 
| 117|0x0000000089900000, 0x0000000089a00000, 0x0000000089a00000|100%| E|CS|TAMS 0x0000000089900000, 0x0000000089900000| Complete 
| 118|0x0000000089a00000, 0x0000000089b00000, 0x0000000089b00000|100%| E|CS|TAMS 0x0000000089a00000, 0x0000000089a00000| Complete 
| 119|0x0000000089b00000, 0x0000000089c00000, 0x0000000089c00000|100%| E|CS|TAMS 0x0000000089b00000, 0x0000000089b00000| Complete 
| 120|0x0000000089c00000, 0x0000000089d00000, 0x0000000089d00000|100%| E|CS|TAMS 0x0000000089c00000, 0x0000000089c00000| Complete 
| 121|0x0000000089d00000, 0x0000000089e00000, 0x0000000089e00000|100%| E|CS|TAMS 0x0000000089d00000, 0x0000000089d00000| Complete 
| 122|0x0000000089e00000, 0x0000000089f00000, 0x0000000089f00000|100%| E|CS|TAMS 0x0000000089e00000, 0x0000000089e00000| Complete 
| 123|0x0000000089f00000, 0x000000008a000000, 0x000000008a000000|100%| E|CS|TAMS 0x0000000089f00000, 0x0000000089f00000| Complete 
| 124|0x000000008a000000, 0x000000008a100000, 0x000000008a100000|100%| E|CS|TAMS 0x000000008a000000, 0x000000008a000000| Complete 
| 125|0x000000008a100000, 0x000000008a200000, 0x000000008a200000|100%| E|CS|TAMS 0x000000008a100000, 0x000000008a100000| Complete 

Card table byte_map: [0x000002ac331f0000,0x000002ac335e0000] _byte_map_base: 0x000002ac32dde000

Marking Bits (Prev, Next): (CMBitMap*) 0x000002ac1c029200, (CMBitMap*) 0x000002ac1c029240
 Prev Bits: [0x000002ac339d0000, 0x000002ac35940000)
 Next Bits: [0x000002ac35940000, 0x000002ac378b0000)

Polling page: 0x000002ac19f00000

Metaspace:

Usage:
  Non-class:     17.80 MB used.
      Class:      2.53 MB used.
       Both:     20.34 MB used.

Virtual space:
  Non-class space:       64.00 MB reserved,      18.00 MB ( 28%) committed,  1 nodes.
      Class space:        1.00 GB reserved,       2.69 MB ( <1%) committed,  1 nodes.
             Both:        1.06 GB reserved,      20.69 MB (  2%) committed. 

Chunk freelists:
   Non-Class:  13.98 MB
       Class:  13.31 MB
        Both:  27.29 MB

MaxMetaspaceSize: unlimited
CompressedClassSpaceSize: 1.00 GB
Initial GC threshold: 21.00 MB
Current GC threshold: 21.00 MB
CDS: on
MetaspaceReclaimPolicy: balanced
 - commit_granule_bytes: 65536.
 - commit_granule_words: 8192.
 - virtual_space_node_default_size: 8388608.
 - enlarge_chunks_in_place: 1.
 - new_chunks_are_fully_committed: 0.
 - uncommit_free_chunks: 1.
 - use_allocation_guard: 0.
 - handle_deallocations: 1.


Internal statistics:

num_allocs_failed_limit: 0.
num_arena_births: 358.
num_arena_deaths: 0.
num_vsnodes_births: 2.
num_vsnodes_deaths: 0.
num_space_committed: 331.
num_space_uncommitted: 0.
num_chunks_returned_to_freelist: 0.
num_chunks_taken_from_freelist: 1107.
num_chunk_merges: 0.
num_chunk_splits: 757.
num_chunks_enlarged: 554.
num_inconsistent_stats: 0.

CodeHeap 'non-profiled nmethods': size=120000Kb used=1400Kb max_used=1400Kb free=118599Kb
 bounds [0x000002ac2b5a0000, 0x000002ac2b810000, 0x000002ac32ad0000]
CodeHeap 'profiled nmethods': size=120000Kb used=6147Kb max_used=6147Kb free=113852Kb
 bounds [0x000002ac23ad0000, 0x000002ac240e0000, 0x000002ac2b000000]
CodeHeap 'non-nmethods': size=5760Kb used=1198Kb max_used=1269Kb free=4561Kb
 bounds [0x000002ac2b000000, 0x000002ac2b270000, 0x000002ac2b5a0000]
 total_blobs=3493 nmethods=2997 adapters=408
 compilation: enabled
              stopped_count=0, restarted_count=0
 full_count=0

Compilation events (20 events):
Event: 2.058 Thread 0x000002ac3a300610 2928       3       java.lang.reflect.ProxyGenerator::collectCompatibleTypes (93 bytes)
Event: 2.059 Thread 0x000002ac3a300610 nmethod 2928 0x000002ac240b3d10 code [0x000002ac240b3f00, 0x000002ac240b4408]
Event: 2.060 Thread 0x000002ac3a300610 2929       3       org.springframework.core.annotation.TypeMappedAnnotations::isPresent (39 bytes)
Event: 2.061 Thread 0x000002ac3a300610 nmethod 2929 0x000002ac240b4690 code [0x000002ac240b4880, 0x000002ac240b4e88]
Event: 2.061 Thread 0x000002ac3a300610 2930       3       org.springframework.core.annotation.TypeMappedAnnotations::get (52 bytes)
Event: 2.061 Thread 0x000002ac3a300610 nmethod 2930 0x000002ac240b5010 code [0x000002ac240b5220, 0x000002ac240b5888]
Event: 2.061 Thread 0x000002ac3a300610 2931       1       org.springframework.core.type.StandardClassMetadata::getIntrospectedClass (5 bytes)
Event: 2.061 Thread 0x000002ac3a300610 nmethod 2931 0x000002ac2b6e7d10 code [0x000002ac2b6e7ea0, 0x000002ac2b6e7f78]
Event: 2.062 Thread 0x000002ac3a300610 2933       3       org.springframework.core.annotation.TypeMappedAnnotations$IsPresent::doWithAnnotations (183 bytes)
Event: 2.063 Thread 0x000002ac3a300610 nmethod 2933 0x000002ac240b5a90 code [0x000002ac240b5d60, 0x000002ac240b6c18]
Event: 2.063 Thread 0x000002ac3a300610 2935       3       org.springframework.beans.factory.support.AbstractBeanFactory::isTypeMatch (619 bytes)
Event: 2.065 Thread 0x000002ac3a300610 nmethod 2935 0x000002ac240b7210 code [0x000002ac240b78c0, 0x000002ac240bca48]
Event: 2.065 Thread 0x000002ac3a300610 2939       3       java.util.LinkedHashSet::<init> (9 bytes)
Event: 2.066 Thread 0x000002ac3a300610 nmethod 2939 0x000002ac240bde90 code [0x000002ac240be060, 0x000002ac240be1a8]
Event: 2.066 Thread 0x000002ac3a300610 2936       3       org.springframework.core.ResolvableType::isInstance (21 bytes)
Event: 2.066 Thread 0x000002ac3a300610 nmethod 2936 0x000002ac240be290 code [0x000002ac240be440, 0x000002ac240be6c8]
Event: 2.066 Thread 0x000002ac3a300610 2934       3       org.springframework.core.type.StandardAnnotationMetadata::isAnnotatedMethod (29 bytes)
Event: 2.066 Thread 0x000002ac3a300610 nmethod 2934 0x000002ac240be790 code [0x000002ac240be9e0, 0x000002ac240bf408]
Event: 2.066 Thread 0x000002ac3a300610 2932       3       org.springframework.core.annotation.TypeMappedAnnotations$IsPresent::doWithAnnotations (10 bytes)
Event: 2.066 Thread 0x000002ac3a300610 nmethod 2932 0x000002ac240bf790 code [0x000002ac240bf920, 0x000002ac240bfa68]

GC Heap History (4 events):
Event: 0.830 GC heap before
{Heap before GC invocations=0 (full 0):
 garbage-first heap   total 129024K, used 23552K [0x0000000082400000, 0x0000000100000000)
  region size 1024K, 23 young (23552K), 0 survivors (0K)
 Metaspace       used 6394K, committed 6656K, reserved 1114112K
  class space    used 768K, committed 896K, reserved 1048576K
}
Event: 0.835 GC heap after
{Heap after GC invocations=1 (full 0):
 garbage-first heap   total 129024K, used 7032K [0x0000000082400000, 0x0000000100000000)
  region size 1024K, 3 young (3072K), 3 survivors (3072K)
 Metaspace       used 6394K, committed 6656K, reserved 1114112K
  class space    used 768K, committed 896K, reserved 1048576K
}
Event: 1.201 GC heap before
{Heap before GC invocations=1 (full 0):
 garbage-first heap   total 129024K, used 35704K [0x0000000082400000, 0x0000000100000000)
  region size 1024K, 31 young (31744K), 3 survivors (3072K)
 Metaspace       used 13784K, committed 14016K, reserved 1114112K
  class space    used 1665K, committed 1792K, reserved 1048576K
}
Event: 1.208 GC heap after
{Heap after GC invocations=2 (full 0):
 garbage-first heap   total 129024K, used 9583K [0x0000000082400000, 0x0000000100000000)
  region size 1024K, 3 young (3072K), 3 survivors (3072K)
 Metaspace       used 13784K, committed 14016K, reserved 1114112K
  class space    used 1665K, committed 1792K, reserved 1048576K
}

Dll operation events (9 events):
Event: 0.012 Loaded shared library C:\Users\asus\.jdks\corretto-17.0.7\bin\java.dll
Event: 0.023 Loaded shared library C:\Users\asus\.jdks\corretto-17.0.7\bin\jsvml.dll
Event: 0.131 Loaded shared library C:\Users\asus\.jdks\corretto-17.0.7\bin\zip.dll
Event: 0.134 Loaded shared library C:\Users\asus\.jdks\corretto-17.0.7\bin\instrument.dll
Event: 0.140 Loaded shared library C:\Users\asus\.jdks\corretto-17.0.7\bin\net.dll
Event: 0.142 Loaded shared library C:\Users\asus\.jdks\corretto-17.0.7\bin\nio.dll
Event: 0.144 Loaded shared library C:\Users\asus\.jdks\corretto-17.0.7\bin\zip.dll
Event: 0.282 Loaded shared library D:\intelliJ\IntelliJ IDEA Community Edition 2023.1.3\bin\breakgen64.dll
Event: 0.325 Loaded shared library C:\Users\asus\.jdks\corretto-17.0.7\bin\jimage.dll

Deoptimization events (20 events):
Event: 1.691 Thread 0x000002ac1bfccb50 Uncommon trap: trap_request=0xffffffde fr.pc=0x000002ac2b63288c relative=0x000000000000018c
Event: 1.691 Thread 0x000002ac1bfccb50 Uncommon trap: reason=class_check action=maybe_recompile pc=0x000002ac2b63288c method=java.lang.String.equals(Ljava/lang/Object;)Z @ 8 c2
Event: 1.691 Thread 0x000002ac1bfccb50 DEOPT PACKING pc=0x000002ac2b63288c sp=0x000000ce7d5fe790
Event: 1.691 Thread 0x000002ac1bfccb50 DEOPT UNPACKING pc=0x000002ac2b0569a3 sp=0x000000ce7d5fe718 mode 2
Event: 1.859 Thread 0x000002ac1bfccb50 Uncommon trap: trap_request=0xffffff45 fr.pc=0x000002ac2b6cdd50 relative=0x0000000000000210
Event: 1.859 Thread 0x000002ac1bfccb50 Uncommon trap: reason=unstable_if action=reinterpret pc=0x000002ac2b6cdd50 method=org.springframework.beans.factory.support.AbstractBeanFactory.isFactoryBean(Ljava/lang/String;Lorg/springframework/beans/factory/support/RootBeanDefinition;)Z @ 40 c2
Event: 1.859 Thread 0x000002ac1bfccb50 DEOPT PACKING pc=0x000002ac2b6cdd50 sp=0x000000ce7d5fe7d0
Event: 1.859 Thread 0x000002ac1bfccb50 DEOPT UNPACKING pc=0x000002ac2b0569a3 sp=0x000000ce7d5fe790 mode 2
Event: 1.893 Thread 0x000002ac1bfccb50 Uncommon trap: trap_request=0xffffff45 fr.pc=0x000002ac2b6c02a8 relative=0x0000000000000648
Event: 1.893 Thread 0x000002ac1bfccb50 Uncommon trap: reason=unstable_if action=reinterpret pc=0x000002ac2b6c02a8 method=org.springframework.beans.factory.support.AbstractBeanFactory.getMergedLocalBeanDefinition(Ljava/lang/String;)Lorg/springframework/beans/factory/support/RootBeanDefinition; 
Event: 1.893 Thread 0x000002ac1bfccb50 DEOPT PACKING pc=0x000002ac2b6c02a8 sp=0x000000ce7d5fe590
Event: 1.893 Thread 0x000002ac1bfccb50 DEOPT UNPACKING pc=0x000002ac2b0569a3 sp=0x000000ce7d5fe538 mode 2
Event: 1.999 Thread 0x000002ac1bfccb50 Uncommon trap: trap_request=0xffffffc6 fr.pc=0x000002ac2b6ab9b4 relative=0x0000000000001034
Event: 1.999 Thread 0x000002ac1bfccb50 Uncommon trap: reason=bimorphic_or_optimized_type_check action=maybe_recompile pc=0x000002ac2b6ab9b4 method=java.util.HashMap.putVal(ILjava/lang/Object;Ljava/lang/Object;ZZ)Ljava/lang/Object; @ 203 c2
Event: 1.999 Thread 0x000002ac1bfccb50 DEOPT PACKING pc=0x000002ac2b6ab9b4 sp=0x000000ce7d5fea80
Event: 1.999 Thread 0x000002ac1bfccb50 DEOPT UNPACKING pc=0x000002ac2b0569a3 sp=0x000000ce7d5fea10 mode 2
Event: 2.063 Thread 0x000002ac1bfccb50 Uncommon trap: trap_request=0xffffff45 fr.pc=0x000002ac2b6db144 relative=0x0000000000003664
Event: 2.063 Thread 0x000002ac1bfccb50 Uncommon trap: reason=unstable_if action=reinterpret pc=0x000002ac2b6db144 method=org.springframework.beans.factory.support.AbstractBeanFactory.isTypeMatch(Ljava/lang/String;Lorg/springframework/core/ResolvableType;Z)Z @ 104 c2
Event: 2.063 Thread 0x000002ac1bfccb50 DEOPT PACKING pc=0x000002ac2b6db144 sp=0x000000ce7d5feec0
Event: 2.063 Thread 0x000002ac1bfccb50 DEOPT UNPACKING pc=0x000002ac2b0569a3 sp=0x000000ce7d5fee78 mode 2

Classes unloaded (0 events):
No events

Classes redefined (0 events):
No events

Internal exceptions (20 events):
Event: 0.914 Thread 0x000002ac1bfccb50 Exception <a 'java/lang/NoSuchMethodError'{0x0000000089e8d018}: 'java.lang.Object java.lang.invoke.DirectMethodHandle$Holder.invokeStaticInit(java.lang.Object, java.lang.Object, long, java.lang.Object)'> (0x0000000089e8d018) 
thrown [s\src\hotspot\share\interpreter\linkResolver.cpp, line 759]
Event: 0.914 Thread 0x000002ac1bfccb50 Exception <a 'java/lang/NoSuchMethodError'{0x0000000089e93758}: 'java.lang.Object java.lang.invoke.DirectMethodHandle$Holder.newInvokeSpecial(java.lang.Object, java.lang.Object, long)'> (0x0000000089e93758) 
thrown [s\src\hotspot\share\interpreter\linkResolver.cpp, line 759]
Event: 0.914 Thread 0x000002ac1bfccb50 Exception <a 'java/lang/NoSuchMethodError'{0x0000000089e972c8}: 'java.lang.Object java.lang.invoke.Invokers$Holder.linkToTargetMethod(java.lang.Object, long, java.lang.Object)'> (0x0000000089e972c8) 
thrown [s\src\hotspot\share\interpreter\linkResolver.cpp, line 759]
Event: 0.924 Thread 0x000002ac1bfccb50 Exception <a 'java/lang/NoSuchMethodError'{0x0000000089ede678}: 'void java.lang.invoke.DirectMethodHandle$Holder.invokeVirtual(java.lang.Object, java.lang.Object, java.lang.Object, java.lang.Object)'> (0x0000000089ede678) 
thrown [s\src\hotspot\share\interpreter\linkResolver.cpp, line 759]
Event: 0.950 Thread 0x000002ac1bfccb50 Exception <a 'java/lang/NoSuchMethodError'{0x0000000089c39580}: 'void java.lang.invoke.DirectMethodHandle$Holder.invokeSpecial(java.lang.Object, java.lang.Object, java.lang.Object)'> (0x0000000089c39580) 
thrown [s\src\hotspot\share\interpreter\linkResolver.cpp, line 759]
Event: 0.950 Thread 0x000002ac1bfccb50 Exception <a 'java/lang/NoSuchMethodError'{0x0000000089c3fb58}: 'void java.lang.invoke.DirectMethodHandle$Holder.invokeSpecial(java.lang.Object, java.lang.Object, java.lang.Object, java.lang.Object, java.lang.Object)'> (0x0000000089c3fb58) 
thrown [s\src\hotspot\share\interpreter\linkResolver.cpp, line 759]
Event: 0.956 Thread 0x000002ac1bfccb50 Exception <a 'java/lang/IncompatibleClassChangeError'{0x0000000089c6bff0}: Found class java.lang.Object, but interface was expected> (0x0000000089c6bff0) 
thrown [s\src\hotspot\share\interpreter\linkResolver.cpp, line 826]
Event: 0.956 Thread 0x000002ac3fad8ee0 Exception <a 'java/lang/NoClassDefFoundError'{0x0000000089c964f8}: jakarta/validation/Validation> (0x0000000089c964f8) 
thrown [s\src\hotspot\share\classfile\systemDictionary.cpp, line 245]
Event: 1.048 Thread 0x000002ac3a2e8800 Exception <a 'java/lang/NoSuchMethodError'{0x00000000894d1d60}: 'java.lang.Object java.lang.invoke.DirectMethodHandle$Holder.invokeStaticInit(java.lang.Object, int)'> (0x00000000894d1d60) 
thrown [s\src\hotspot\share\interpreter\linkResolver.cpp, line 759]
Event: 1.231 Thread 0x000002ac1bfccb50 Exception <a 'java/lang/NoSuchMethodError'{0x000000008a0a3b10}: 'int java.lang.invoke.DirectMethodHandle$Holder.invokeSpecial(java.lang.Object, java.lang.Object, java.lang.Object, java.lang.Object, java.lang.Object)'> (0x000000008a0a3b10) 
thrown [s\src\hotspot\share\interpreter\linkResolver.cpp, line 759]
Event: 1.234 Thread 0x000002ac1bfccb50 Exception <a 'java/lang/NoSuchMethodError'{0x000000008a0acb68}: 'void java.lang.invoke.DirectMethodHandle$Holder.invokeVirtual(java.lang.Object, java.lang.Object)'> (0x000000008a0acb68) 
thrown [s\src\hotspot\share\interpreter\linkResolver.cpp, line 759]
Event: 1.260 Thread 0x000002ac3fad8ee0 Exception <a 'java/lang/NoSuchMethodError'{0x0000000089dac778}: 'long java.lang.invoke.DirectMethodHandle$Holder.invokeSpecial(java.lang.Object, java.lang.Object)'> (0x0000000089dac778) 
thrown [s\src\hotspot\share\interpreter\linkResolver.cpp, line 759]
Event: 1.262 Thread 0x000002ac3fad8ee0 Exception <a 'java/lang/NoSuchMethodError'{0x0000000089db79a0}: 'long java.lang.invoke.DirectMethodHandle$Holder.invokeStatic(java.lang.Object, java.lang.Object)'> (0x0000000089db79a0) 
thrown [s\src\hotspot\share\interpreter\linkResolver.cpp, line 759]
Event: 1.263 Thread 0x000002ac3fad8ee0 Exception <a 'java/lang/NoSuchMethodError'{0x0000000089dbafa0}: 'long java.lang.invoke.DirectMethodHandle$Holder.invokeStaticInit(java.lang.Object, java.lang.Object)'> (0x0000000089dbafa0) 
thrown [s\src\hotspot\share\interpreter\linkResolver.cpp, line 759]
Event: 1.265 Thread 0x000002ac3fad8ee0 Exception <a 'java/lang/NoSuchMethodError'{0x0000000089dc8b48}: 'long java.lang.invoke.DirectMethodHandle$Holder.invokeInterface(java.lang.Object, java.lang.Object)'> (0x0000000089dc8b48) 
thrown [s\src\hotspot\share\interpreter\linkResolver.cpp, line 759]
Event: 1.265 Thread 0x000002ac3fad8ee0 Exception <a 'java/lang/IncompatibleClassChangeError'{0x0000000089dcc0d8}: Found class java.lang.Object, but interface was expected> (0x0000000089dcc0d8) 
thrown [s\src\hotspot\share\interpreter\linkResolver.cpp, line 826]
Event: 1.278 Thread 0x000002ac3fad8ee0 Exception <a 'java/lang/NoSuchMethodError'{0x0000000089cc4bf0}: 'java.lang.Object java.lang.invoke.DirectMethodHandle$Holder.invokeVirtual(java.lang.Object, java.lang.Object, java.lang.Object, java.lang.Object)'> (0x0000000089cc4bf0) 
thrown [s\src\hotspot\share\interpreter\linkResolver.cpp, line 759]
Event: 1.455 Thread 0x000002ac1bfccb50 Exception <a 'java/lang/IncompatibleClassChangeError'{0x0000000089510930}: Found class java.lang.Object, but interface was expected> (0x0000000089510930) 
thrown [s\src\hotspot\share\interpreter\linkResolver.cpp, line 826]
Event: 2.091 Thread 0x000002ac1bfccb50 Exception <a 'java/lang/NoSuchMethodError'{0x0000000087340ae0}: 'java.lang.Object java.lang.invoke.DirectMethodHandle$Holder.invokeStaticInit(java.lang.Object, java.lang.Object, java.lang.Object, java.lang.Object, java.lang.Object, java.lang.Object, java.lang.Object)'> (0x0000000087340ae0) 
thrown [s\src\hotspot\share\interpreter\linkResolver.cpp, line 759]
Event: 2.093 Thread 0x000002ac1bfccb50 Exception <a 'java/lang/NoSuchMethodError'{0x000000008734bb00}: 'java.lang.Object java.lang.invoke.DirectMethodHandle$Holder.invokeStatic(java.lang.Object, java.lang.Object, int)'> (0x000000008734bb00) 
thrown [s\src\hotspot\share\interpreter\linkResolver.cpp, line 759]

VM Operations (20 events):
Event: 1.214 Executing VM operation: HandshakeAllThreads
Event: 1.214 Executing VM operation: HandshakeAllThreads done
Event: 1.557 Executing VM operation: ICBufferFull
Event: 1.557 Executing VM operation: ICBufferFull done
Event: 1.806 Executing VM operation: ICBufferFull
Event: 1.806 Executing VM operation: ICBufferFull done
Event: 1.892 Executing VM operation: HandshakeAllThreads
Event: 1.892 Executing VM operation: HandshakeAllThreads done
Event: 1.892 Executing VM operation: HandshakeAllThreads
Event: 1.892 Executing VM operation: HandshakeAllThreads done
Event: 1.895 Executing VM operation: HandshakeAllThreads
Event: 1.895 Executing VM operation: HandshakeAllThreads done
Event: 1.897 Executing VM operation: HandshakeAllThreads
Event: 1.897 Executing VM operation: HandshakeAllThreads done
Event: 1.898 Executing VM operation: HandshakeAllThreads
Event: 1.898 Executing VM operation: HandshakeAllThreads done
Event: 1.955 Executing VM operation: HandshakeAllThreads
Event: 1.955 Executing VM operation: HandshakeAllThreads done
Event: 2.093 Executing VM operation: HandshakeAllThreads
Event: 2.093 Executing VM operation: HandshakeAllThreads done

Events (20 events):
Event: 1.928 loading class java/util/stream/Streams$2
Event: 1.928 loading class java/util/stream/Streams$2 done
Event: 1.951 loading class java/util/stream/ReferencePipeline$15
Event: 1.951 loading class java/util/stream/ReferencePipeline$15 done
Event: 1.952 loading class java/util/stream/ReferencePipeline$15$1
Event: 1.952 loading class java/util/stream/ReferencePipeline$15$1 done
Event: 1.964 loading class sun/reflect/generics/tree/BooleanSignature
Event: 1.964 loading class sun/reflect/generics/tree/BooleanSignature done
Event: 2.090 loading class java/util/concurrent/ExecutionException
Event: 2.090 loading class java/util/concurrent/ExecutionException done
Event: 2.090 loading class java/lang/runtime/ObjectMethods
Event: 2.090 loading class java/lang/runtime/ObjectMethods done
Event: 2.092 loading class java/lang/invoke/MethodHandleImpl$Makers
Event: 2.092 loading class java/lang/invoke/MethodHandleImpl$Makers done
Event: 2.092 loading class java/lang/invoke/MethodHandleImpl$Makers$1
Event: 2.092 loading class java/lang/invoke/MethodHandleImpl$Makers$1 done
Event: 2.092 loading class java/lang/invoke/MethodHandleImpl$Makers$2
Event: 2.092 loading class java/lang/invoke/MethodHandleImpl$Makers$2 done
Event: 2.092 loading class java/lang/invoke/MethodHandleImpl$Makers$3
Event: 2.092 loading class java/lang/invoke/MethodHandleImpl$Makers$3 done


Dynamic libraries:
0x00007ff7e0e90000 - 0x00007ff7e0e9d000 	C:\Users\asus\.jdks\corretto-17.0.7\bin\java.exe
0x00007ff9b9470000 - 0x00007ff9b9684000 	C:\WINDOWS\SYSTEM32\ntdll.dll
0x00007ff9b80f0000 - 0x00007ff9b81b2000 	C:\WINDOWS\System32\KERNEL32.DLL
0x00007ff9b6a90000 - 0x00007ff9b6e33000 	C:\WINDOWS\System32\KERNELBASE.dll
0x00007ff9b6f60000 - 0x00007ff9b7071000 	C:\WINDOWS\System32\ucrtbase.dll
0x00007ff9a07a0000 - 0x00007ff9a07b5000 	C:\Users\asus\.jdks\corretto-17.0.7\bin\VCRUNTIME140.dll
0x00007ff9a0780000 - 0x00007ff9a0797000 	C:\Users\asus\.jdks\corretto-17.0.7\bin\jli.dll
0x00007ff9b8ab0000 - 0x00007ff9b8c5a000 	C:\WINDOWS\System32\USER32.dll
0x00007ff9a0fb0000 - 0x00007ff9a123e000 	C:\WINDOWS\WinSxS\amd64_microsoft.windows.common-controls_6595b64144ccf1df_6.0.22621.1635_none_270f70857386168e\COMCTL32.dll
0x00007ff9b6870000 - 0x00007ff9b6896000 	C:\WINDOWS\System32\win32u.dll
0x00007ff9b8f00000 - 0x00007ff9b8fa7000 	C:\WINDOWS\System32\msvcrt.dll
0x00007ff9b8040000 - 0x00007ff9b8069000 	C:\WINDOWS\System32\GDI32.dll
0x00007ff9b6e40000 - 0x00007ff9b6f59000 	C:\WINDOWS\System32\gdi32full.dll
0x00007ff9b7080000 - 0x00007ff9b711a000 	C:\WINDOWS\System32\msvcp_win.dll
0x00007ff9b74e0000 - 0x00007ff9b7511000 	C:\WINDOWS\System32\IMM32.DLL
0x00007ff99e3f0000 - 0x00007ff99e48b000 	C:\Users\asus\.jdks\corretto-17.0.7\bin\msvcp140.dll
0x00007ff9557e0000 - 0x00007ff9563fa000 	C:\Users\asus\.jdks\corretto-17.0.7\bin\server\jvm.dll
0x00007ff9b81c0000 - 0x00007ff9b826e000 	C:\WINDOWS\System32\ADVAPI32.dll
0x00007ff9b7e70000 - 0x00007ff9b7f14000 	C:\WINDOWS\System32\sechost.dll
0x00007ff9b73c0000 - 0x00007ff9b74d7000 	C:\WINDOWS\System32\RPCRT4.dll
0x00007ff9b35c0000 - 0x00007ff9b35c9000 	C:\WINDOWS\SYSTEM32\WSOCK32.dll
0x00007ff9a5be0000 - 0x00007ff9a5c14000 	C:\WINDOWS\SYSTEM32\WINMM.dll
0x00007ff9afb10000 - 0x00007ff9afb1a000 	C:\WINDOWS\SYSTEM32\VERSION.dll
0x00007ff9b7340000 - 0x00007ff9b73b1000 	C:\WINDOWS\System32\WS2_32.dll
0x00007ff9b58b0000 - 0x00007ff9b58c8000 	C:\WINDOWS\SYSTEM32\kernel.appcore.dll
0x00007ff9a0970000 - 0x00007ff9a097a000 	C:\Users\asus\.jdks\corretto-17.0.7\bin\jimage.dll
0x00007ff9b4270000 - 0x00007ff9b449e000 	C:\WINDOWS\SYSTEM32\DBGHELP.DLL
0x00007ff9b82d0000 - 0x00007ff9b8659000 	C:\WINDOWS\System32\combase.dll
0x00007ff9b7260000 - 0x00007ff9b7337000 	C:\WINDOWS\System32\OLEAUT32.dll
0x00007ff99afe0000 - 0x00007ff99b012000 	C:\WINDOWS\SYSTEM32\dbgcore.DLL
0x00007ff9b68a0000 - 0x00007ff9b691a000 	C:\WINDOWS\System32\bcryptPrimitives.dll
0x00007ff9b16a0000 - 0x00007ff9b16ae000 	C:\Users\asus\.jdks\corretto-17.0.7\bin\instrument.dll
0x00007ff9a0750000 - 0x00007ff9a0775000 	C:\Users\asus\.jdks\corretto-17.0.7\bin\java.dll
0x00007ff99be70000 - 0x00007ff99bf46000 	C:\Users\asus\.jdks\corretto-17.0.7\bin\jsvml.dll
0x00007ff9b7670000 - 0x00007ff9b7e69000 	C:\WINDOWS\System32\SHELL32.dll
0x00007ff9b4860000 - 0x00007ff9b512e000 	C:\WINDOWS\SYSTEM32\windows.storage.dll
0x00007ff9b4720000 - 0x00007ff9b485e000 	C:\WINDOWS\SYSTEM32\wintypes.dll
0x00007ff9b7f40000 - 0x00007ff9b8031000 	C:\WINDOWS\System32\SHCORE.dll
0x00007ff9b8270000 - 0x00007ff9b82ce000 	C:\WINDOWS\System32\shlwapi.dll
0x00007ff9b67a0000 - 0x00007ff9b67c6000 	C:\WINDOWS\SYSTEM32\profapi.dll
0x00007ff99f580000 - 0x00007ff99f598000 	C:\Users\asus\.jdks\corretto-17.0.7\bin\zip.dll
0x00007ff9a0730000 - 0x00007ff9a0749000 	C:\Users\asus\.jdks\corretto-17.0.7\bin\net.dll
0x00007ff9adf40000 - 0x00007ff9ae077000 	C:\WINDOWS\SYSTEM32\WINHTTP.dll
0x00007ff9b5d30000 - 0x00007ff9b5d99000 	C:\WINDOWS\system32\mswsock.dll
0x00007ff9a0710000 - 0x00007ff9a0725000 	C:\Users\asus\.jdks\corretto-17.0.7\bin\nio.dll
0x00007ff9a0ad0000 - 0x00007ff9a0aea000 	D:\intelliJ\IntelliJ IDEA Community Edition 2023.1.3\bin\breakgen64.dll

dbghelp: loaded successfully - version: 4.0.5 - missing functions: none
symbol engine: initialized successfully - sym options: 0x614 - pdb path: .;C:\Users\asus\.jdks\corretto-17.0.7\bin;C:\WINDOWS\SYSTEM32;C:\WINDOWS\WinSxS\amd64_microsoft.windows.common-controls_6595b64144ccf1df_6.0.22621.1635_none_270f70857386168e;C:\Users\asus\.jdks\corretto-17.0.7\bin\server;D:\intelliJ\IntelliJ IDEA Community Edition 2023.1.3\bin

VM Arguments:
jvm_args: -javaagent:D:\intelliJ\IntelliJ IDEA Community Edition 2023.1.3\lib\idea_rt.jar=52321:D:\intelliJ\IntelliJ IDEA Community Edition 2023.1.3\bin -Dfile.encoding=UTF-8 
java_command: com.example.dictionary.DictionaryApplication
java_class_path (initial): D:\7.SpringBoot\DictonarySP\dictionary\target\classes;C:\Users\asus\.m2\repository\org\springframework\boot\spring-boot-starter-data-jpa\3.1.1\spring-boot-starter-data-jpa-3.1.1.jar;C:\Users\asus\.m2\repository\org\springframework\boot\spring-boot-starter-aop\3.1.1\spring-boot-starter-aop-3.1.1.jar;C:\Users\asus\.m2\repository\org\springframework\spring-aop\6.0.10\spring-aop-6.0.10.jar;C:\Users\asus\.m2\repository\org\aspectj\aspectjweaver\1.9.19\aspectjweaver-1.9.19.jar;C:\Users\asus\.m2\repository\org\springframework\boot\spring-boot-starter-jdbc\3.1.1\spring-boot-starter-jdbc-3.1.1.jar;C:\Users\asus\.m2\repository\com\zaxxer\HikariCP\5.0.1\HikariCP-5.0.1.jar;C:\Users\asus\.m2\repository\org\springframework\spring-jdbc\6.0.10\spring-jdbc-6.0.10.jar;C:\Users\asus\.m2\repository\org\hibernate\orm\hibernate-core\6.2.5.Final\hibernate-core-6.2.5.Final.jar;C:\Users\asus\.m2\repository\jakarta\persistence\jakarta.persistence-api\3.1.0\jakarta.persistence-api-3.1.0.jar;C:\Users\asus\.m2\repository\jakarta\transaction\jakarta.transaction-api\2.0.1\jakarta.transaction-api-2.0.1.jar;C:\Users\asus\.m2\repository\org\jboss\logging\jboss-logging\3.5.1.Final\jboss-logging-3.5.1.Final.jar;C:\Users\asus\.m2\repository\org\hibernate\common\hibernate-commons-annotations\6.0.6.Final\hibernate-commons-annotations-6.0.6.Final.jar;C:\Users\asus\.m2\repository\io\smallrye\jandex\3.0.5\jandex-3.0.5.jar;C:\Users\asus\.m2\repository\com\fasterxml\classmate\1.5.1\classmate-1.5.1.jar;C:\Users\asus\.m2\repository\net\bytebuddy\byte-buddy\1.14.5\byte-buddy-1.14.5.jar;C:\Users\asus\.m2\repository\org\glassfish\jaxb\jaxb-runtime\4.0.3\jaxb-runtime-4.0.3.jar;C:\Users\asus\.m2\repository\org\glassfish\jaxb\jaxb-core\4.0.3\jaxb-core-4.0.3.jar;C:\Users\asus\.m2\repository\org\eclipse\angus\angus-activation\2.0.1\angus-activation-2.0.1.jar;C:\Users\asus\.m2\repository\org\glassfish\jaxb\txw2\4.0.3\txw2-4.0.3.jar;C:\Users\asus\.m2\repository\com\sun\istack\istack-commons-r
Launcher Type: SUN_STANDARD

[Global flags]
     intx CICompilerCount                          = 4                                         {product} {ergonomic}
     uint ConcGCThreads                            = 2                                         {product} {ergonomic}
     uint G1ConcRefinementThreads                  = 8                                         {product} {ergonomic}
   size_t G1HeapRegionSize                         = 1048576                                   {product} {ergonomic}
    uintx GCDrainStackTargetSize                   = 64                                        {product} {ergonomic}
   size_t InitialHeapSize                          = 132120576                                 {product} {ergonomic}
   size_t MarkStackSize                            = 4194304                                   {product} {ergonomic}
   size_t MaxHeapSize                              = 2109734912                                {product} {ergonomic}
   size_t MaxNewSize                               = 1265631232                                {product} {ergonomic}
   size_t MinHeapDeltaBytes                        = 1048576                                   {product} {ergonomic}
   size_t MinHeapSize                              = 8388608                                   {product} {ergonomic}
    uintx NonNMethodCodeHeapSize                   = 5839372                                {pd product} {ergonomic}
    uintx NonProfiledCodeHeapSize                  = 122909434                              {pd product} {ergonomic}
    uintx ProfiledCodeHeapSize                     = 122909434                              {pd product} {ergonomic}
    uintx ReservedCodeCacheSize                    = 251658240                              {pd product} {ergonomic}
     bool SegmentedCodeCache                       = true                                      {product} {ergonomic}
   size_t SoftMaxHeapSize                          = 2109734912                             {manageable} {ergonomic}
     bool UseCompressedClassPointers               = true                           {product lp64_product} {ergonomic}
     bool UseCompressedOops                        = true                           {product lp64_product} {ergonomic}
     bool UseG1GC                                  = true                                      {product} {ergonomic}
     bool UseLargePagesIndividualAllocation        = false                                  {pd product} {ergonomic}

Logging:
Log output configuration:
 #0: stdout all=warning uptime,level,tags
 #1: stderr all=off uptime,level,tags

Environment Variables:
JAVA_HOME=C:\Program Files\Java\jdk1.8.0_351
PATH=C:\Program Files\Microsoft\jdk-11.0.16.101-hotspot\bin;C:\Program Files (x86)\Common Files\Oracle\Java\javapath;C:\Program Files\Python39\Scripts\;C:\Program Files\Python39\;C:\Windows\system32;C:\Windows;C:\Windows\System32\Wbem;C:\Windows\System32\WindowsPowerShell\v1.0\;C:\Windows\System32\OpenSSH\;C:\Program Files (x86)\NVIDIA Corporation\PhysX\Common;C:\Program Files\NVIDIA Corporation\NVIDIA NvDLISR;C:\Program Files\Microsoft SQL Server\130\Tools\Binn\;C:\WINDOWS\system32;C:\WINDOWS;C:\WINDOWS\System32\Wbem;C:\WINDOWS\System32\WindowsPowerShell\v1.0\;C:\WINDOWS\System32\OpenSSH\;C:\Program Files\dotnet\;C:\Program Files (x86)\Microsoft SQL Server\150\Tools\Binn\;C:\Program Files\Microsoft SQL Server\150\Tools\Binn\;C:\Program Files (x86)\Microsoft SQL Server\150\DTS\Binn\;C:\Program Files\Microsoft SQL Server\150\DTS\Binn\;C:\Program Files\Microsoft SQL Server\Client SDK\ODBC\170\Tools\Binn\;C:\Program Files\Java\jdk1.8.0_351\bin;C:\Program Files\Git\cmd;C:\Program Files\MySQL\MySQL Server 8.0\bin;C:\Program Files\MySQL\MySQL Shell 8.0\bin\;C:\Users\asus\AppData\Local\Microsoft\WindowsApps;C:\Users\asus\AppData\Local\Programs\Microsoft VS Code\bin;C:\Program Files\Azure Data Studio\bin;C:\Users\asus\AppData\Local\GitHubDesktop\bin;C:\Users\asus\.dotnet\tools;D:\intelliJ\IntelliJ IDEA Community Edition 2023.1.3\bin;;D:\heroku\bin
USERNAME=asus
OS=Windows_NT
PROCESSOR_IDENTIFIER=Intel64 Family 6 Model 158 Stepping 10, GenuineIntel
TMP=C:\Users\asus\AppData\Local\Temp
TEMP=C:\Users\asus\AppData\Local\Temp



---------------  S Y S T E M  ---------------

OS:
 Windows 11 , 64 bit Build 22621 (10.0.22621.1928)
OS uptime: 0 days 4:32 hours

CPU: total 8 (initial active 8) (4 cores per cpu, 2 threads per core) family 6 model 158 stepping 10 microcode 0xde, cx8, cmov, fxsr, ht, mmx, 3dnowpref, sse, sse2, sse3, ssse3, sse4.1, sse4.2, popcnt, lzcnt, tsc, tscinvbit, avx, avx2, aes, erms, clmul, bmi1, bmi2, adx, fma, vzeroupper, clflush, clflushopt

Memory: 4k page, system-wide physical 8044M (533M free)
TotalPageFile size 16236M (AvailPageFile size 11M)
current process WorkingSet (physical memory assigned to process): 171M, peak: 175M
current process commit charge ("private bytes"): 288M, peak: 297M

vm_info: OpenJDK 64-Bit Server VM (17.0.7+7-LTS) for windows-amd64 JRE (17.0.7+7-LTS), built on Apr 14 2023 01:39:21 by "Administrator" with MS VC++ 15.9 (VS2017)

END.
